<?xml version="1.0" encoding="UTF-8"?>
<testsuite name="com.example.laba4.pointChecker.HitCheckServiceTest" tests="7" skipped="0" failures="0" errors="0" timestamp="2026-05-10T14:13:45.450Z" hostname="LAPTOP-UVESS5EQ" time="0.017">
  <properties/>
  <testcase name="checkFalse()" classname="com.example.laba4.pointChecker.HitCheckServiceTest" time="0.001"/>
  <testcase name="checkFirst()" classname="com.example.laba4.pointChecker.HitCheckServiceTest" time="0.001"/>
  <testcase name="checkThird()" classname="com.example.laba4.pointChecker.HitCheckServiceTest" time="0.001"/>
  <testcase name="checkBorder()" classname="com.example.laba4.pointChecker.HitCheckServiceTest" time="0.0"/>
  <testcase name="checkFourth()" classname="com.example.laba4.pointChecker.HitCheckServiceTest" time="0.005"/>
  <testcase name="checkTrue()" classname="com.example.laba4.pointChecker.HitCheckServiceTest" time="0.001"/>
  <testcase name="checkSecond()" classname="com.example.laba4.pointChecker.HitCheckServiceTest" time="0.001"/>
  <system-out><![CDATA[]]></system-out>
  <system-err><![CDATA[]]></system-err>
</testsuite>
