<?xml version="1.0" encoding="UTF-8"?>
<testsuite name="com.example.laba4.auth.AuthServiceTest" tests="5" skipped="0" failures="0" errors="0" timestamp="2026-05-10T13:56:16.757Z" hostname="LAPTOP-UVESS5EQ" time="1.625">
  <properties/>
  <testcase name="login_success_withValidCredentials()" classname="com.example.laba4.auth.AuthServiceTest" time="1.561"/>
  <testcase name="login_fails_whenUserNotFound()" classname="com.example.laba4.auth.AuthServiceTest" time="0.011"/>
  <testcase name="register_fails_whenUsernameExists()" classname="com.example.laba4.auth.AuthServiceTest" time="0.008"/>
  <testcase name="login_fails_whenPasswordMismatch()" classname="com.example.laba4.auth.AuthServiceTest" time="0.008"/>
  <testcase name="register_success_whenUsernameNotExists()" classname="com.example.laba4.auth.AuthServiceTest" time="0.021"/>
  <system-out><![CDATA[]]></system-out>
  <system-err><![CDATA[]]></system-err>
</testsuite>
