<?xml version="1.0" encoding="UTF-8"?>
<testsuite name="Selenium: PointChecker functional tests" tests="1" skipped="0" failures="0" errors="0" timestamp="2026-05-12T22:32:06.585Z" hostname="LAPTOP-UVESS5EQ" time="9.376">
  <properties/>
  <testcase name="Canvas click points: 3 hits, 2 misses" classname="com.example.laba4.functional.PointCheckerFuncTest" time="9.376"/>
  <system-out><![CDATA[]]></system-out>
  <system-err><![CDATA[мая 13, 2026 1:32:08 AM org.openqa.selenium.devtools.CdpVersionFinder findNearestMatch
WARNING: Unable to find CDP implementation matching 148
мая 13, 2026 1:32:08 AM org.openqa.selenium.chromium.ChromiumDriver lambda$new$5
WARNING: Unable to find version of CDP to use for 148.0.7778.97. You may need to include a dependency on a specific version of the CDP using something similar to `org.seleniumhq.selenium:selenium-devtools-v86:4.14.1` where the version ("v86") matches the version of the chromium-based browser you're using and the version number of the artifact is the same as Selenium's.
]]></system-err>
</testsuite>
